This is pdfTeX, Version 3.141592653-2.6-1.40.22 (MiKTeX 21.6.28) (preloaded format=pdflatex 2021.7.4)  30 SEP 2021 00:47
entering extended mode
**./itor-generic-template.tex
(itor-generic-template.tex
LaTeX2e <2021-06-01> patch level 1
L3 programming layer <2021-06-18> (itor.cls
Document Class: itor 2015/12/24 v1.0 Standard LaTeX document class
(C:\Users\G731\AppData\Local\Programs\MiKTeX\tex/latex/base\fleqn.clo
File: fleqn.clo 2016/12/29 v1.2b Standard LaTeX option (flush left equations)
\mathindent=\skip47
Applying: [2015/01/01] Make \[ robust on input line 50.
LaTeX Info: Redefining \[ on input line 51.
Already applied: [0000/00/00] Make \[ robust on input line 62.
Applying: [2015/01/01] Make \] robust on input line 74.
LaTeX Info: Redefining \] on input line 75.
Already applied: [0000/00/00] Make \] robust on input line 83.
)
(C:\Users\G731\AppData\Local\Programs\MiKTeX\tex/latex/graphics\graphicx.sty
Package: graphicx 2020/12/05 v1.2c Enhanced LaTeX Graphics (DPC,SPQR)

(C:\Users\G731\AppData\Local\Programs\MiKTeX\tex/latex/graphics\keyval.sty
Package: keyval 2014/10/28 v1.15 key=value parser (DPC)
\KV@toks@=\toks16
)
(C:\Users\G731\AppData\Local\Programs\MiKTeX\tex/latex/graphics\graphics.sty
Package: graphics 2021/03/04 v1.4d Standard LaTeX Graphics (DPC,SPQR)

(C:\Users\G731\AppData\Local\Programs\MiKTeX\tex/latex/graphics\trig.sty
Package: trig 2016/01/03 v1.10 sin cos tan (DPC)
)
(C:\Users\G731\AppData\Local\Programs\MiKTeX\tex/latex/graphics-cfg\graphics.cf
g
File: graphics.cfg 2016/06/04 v1.11 sample graphics configuration
)
Package graphics Info: Driver file: pdftex.def on input line 107.

(C:\Users\G731\AppData\Local\Programs\MiKTeX\tex/latex/graphics-def\pdftex.def
File: pdftex.def 2020/10/05 v1.2a Graphics/color driver for pdftex
))
\Gin@req@height=\dimen138
\Gin@req@width=\dimen139
)
\abstractbox=\box50
\defbox=\box51
\defboxdimen=\dimen140
\c@part=\count182
\c@section=\count183
\c@subsection=\count184
\c@subsubsection=\count185
\c@paragraph=\count186
\c@subparagraph=\count187
\c@figure=\count188
\c@table=\count189
\abovecaptionskip=\skip48
\belowcaptionskip=\skip49
\bibindent=\dimen141
 (C:\Users\G731\AppData\Local\Programs\MiKTeX\tex/generic/iftex\ifpdf.sty
Package: ifpdf 2019/10/25 v3.4 ifpdf legacy package. Use iftex instead.

(C:\Users\G731\AppData\Local\Programs\MiKTeX\tex/generic/iftex\iftex.sty
Package: iftex 2020/03/06 v1.0d TeX engine tests
)))
(C:\Users\G731\AppData\Local\Programs\MiKTeX\tex/latex/natbib\natbib.sty
Package: natbib 2010/09/13 8.31b (PWD, AO)
\bibhang=\skip50
\bibsep=\skip51
LaTeX Info: Redefining \cite on input line 694.
\c@NAT@ctr=\count190
)
(C:\Users\G731\AppData\Local\Programs\MiKTeX\tex/latex/graphics\rotating.sty
Package: rotating 2016/08/11 v2.16d rotated objects in LaTeX

(C:\Users\G731\AppData\Local\Programs\MiKTeX\tex/latex/base\ifthen.sty
Package: ifthen 2020/11/24 v1.1c Standard LaTeX ifthen package (DPC)
)
\c@r@tfl@t=\count191
\rotFPtop=\skip52
\rotFPbot=\skip53
\rot@float@box=\box52
\rot@mess@toks=\toks17
)
(C:\Users\G731\AppData\Local\Programs\MiKTeX\tex/latex/url\url.sty
\Urlmuskip=\muskip16
Package: url 2013/09/16  ver 3.4  Verb mode for urls, etc.
)
(C:\Users\G731\AppData\Local\Programs\MiKTeX\tex/latex/algorithms\algorithmic.s
ty
Package: algorithmic 2009/08/24 v0.1 Document Style `algorithmic'
\c@ALC@unique=\count192
\c@ALC@line=\count193
\c@ALC@rem=\count194
\c@ALC@depth=\count195
\ALC@tlm=\skip54
\algorithmicindent=\skip55
)
(C:\Users\G731\AppData\Local\Programs\MiKTeX\tex/latex/algorithms\algorithm.sty
Package: algorithm 2009/08/24 v0.1 Document Style `algorithm' - floating enviro
nment
(C:\Users\G731\AppData\Local\Programs\MiKTeX\tex/latex/float\float.sty
Package: float 2001/11/08 v1.3d Float enhancements (AL)
\c@float@type=\count196
\float@exts=\toks18
\float@box=\box53
\@float@everytoks=\toks19
\@floatcapt=\box54
)
\@float@every@algorithm=\toks20
\c@algorithm=\count197
)
(C:\Users\G731\AppData\Local\Programs\MiKTeX\tex/latex/amsmath\amsmath.sty
Package: amsmath 2021/04/20 v2.17j AMS math features
\@mathmargin=\skip56

For additional information on amsmath, use the `?' option.
(C:\Users\G731\AppData\Local\Programs\MiKTeX\tex/latex/amsmath\amstext.sty
Package: amstext 2000/06/29 v2.01 AMS text

(C:\Users\G731\AppData\Local\Programs\MiKTeX\tex/latex/amsmath\amsgen.sty
File: amsgen.sty 1999/11/30 v2.0 generic functions
\@emptytoks=\toks21
\ex@=\dimen142
))
(C:\Users\G731\AppData\Local\Programs\MiKTeX\tex/latex/amsmath\amsbsy.sty
Package: amsbsy 1999/11/29 v1.2d Bold Symbols
\pmbraise@=\dimen143
)
(C:\Users\G731\AppData\Local\Programs\MiKTeX\tex/latex/amsmath\amsopn.sty
Package: amsopn 2016/03/08 v2.02 operator names
)
\inf@bad=\count198
LaTeX Info: Redefining \frac on input line 234.
\uproot@=\count199
\leftroot@=\count266
LaTeX Info: Redefining \overline on input line 399.
\classnum@=\count267
\DOTSCASE@=\count268
LaTeX Info: Redefining \ldots on input line 496.
LaTeX Info: Redefining \dots on input line 499.
LaTeX Info: Redefining \cdots on input line 620.
\Mathstrutbox@=\box55
\strutbox@=\box56
\big@size=\dimen144
LaTeX Font Info:    Redeclaring font encoding OML on input line 743.
LaTeX Font Info:    Redeclaring font encoding OMS on input line 744.
\macc@depth=\count269
\c@MaxMatrixCols=\count270
\dotsspace@=\muskip17
\c@parentequation=\count271
\dspbrk@lvl=\count272
\tag@help=\toks22
\row@=\count273
\column@=\count274
\maxfields@=\count275
\andhelp@=\toks23
\eqnshift@=\dimen145
\alignsep@=\dimen146
\tagshift@=\dimen147
\tagwidth@=\dimen148
\totwidth@=\dimen149
\lineht@=\dimen150
\@envbody=\toks24
\multlinegap=\skip57
\multlinetaggap=\skip58
\mathdisplay@stack=\toks25
LaTeX Info: Redefining \[ on input line 2923.
LaTeX Info: Redefining \] on input line 2924.
)
(C:\Users\G731\AppData\Local\Programs\MiKTeX\tex/latex/amscls\amsthm.sty
Package: amsthm 2020/05/29 v2.20.6
\thm@style=\toks26
\thm@bodyfont=\toks27
\thm@headfont=\toks28
\thm@notefont=\toks29
\thm@headpunct=\toks30
\thm@preskip=\skip59
\thm@postskip=\skip60
\thm@headsep=\skip61
\dth@everypar=\toks31
)
\c@theorem=\count276
\c@lemma=\count277
\c@property=\count278
\c@example=\count279
\c@remark=\count280
\c@definition=\count281
LaTeX Font Info:    Trying to load font information for OT1+ptm on input line 3
8.

(C:\Users\G731\AppData\Local\Programs\MiKTeX\tex/latex/psnfss\ot1ptm.fd
File: ot1ptm.fd 2001/06/04 font definitions for OT1/ptm.
)
(C:\Users\G731\AppData\Local\Programs\MiKTeX\tex/latex/l3backend\l3backend-pdft
ex.def
File: l3backend-pdftex.def 2021-05-07 L3 backend support: PDF output (pdfTeX)
\l__color_backend_stack_int=\count282
\l__pdf_internal_box=\box57
) (itor-generic-template.aux)
\openout1 = `itor-generic-template.aux'.

LaTeX Font Info:    Checking defaults for OML/cmm/m/it on input line 38.
LaTeX Font Info:    ... okay on input line 38.
LaTeX Font Info:    Checking defaults for OMS/cmsy/m/n on input line 38.
LaTeX Font Info:    ... okay on input line 38.
LaTeX Font Info:    Checking defaults for OT1/cmr/m/n on input line 38.
LaTeX Font Info:    ... okay on input line 38.
LaTeX Font Info:    Checking defaults for T1/cmr/m/n on input line 38.
LaTeX Font Info:    ... okay on input line 38.
LaTeX Font Info:    Checking defaults for TS1/cmr/m/n on input line 38.
LaTeX Font Info:    ... okay on input line 38.
LaTeX Font Info:    Checking defaults for OMX/cmex/m/n on input line 38.
LaTeX Font Info:    ... okay on input line 38.
LaTeX Font Info:    Checking defaults for U/cmr/m/n on input line 38.
LaTeX Font Info:    ... okay on input line 38.

(C:\Users\G731\AppData\Local\Programs\MiKTeX\tex/context/base/mkii\supp-pdf.mki
i
[Loading MPS to PDF converter (version 2006.09.02).]
\scratchcounter=\count283
\scratchdimen=\dimen151
\scratchbox=\box58
\nofMPsegments=\count284
\nofMParguments=\count285
\everyMPshowfont=\toks32
\MPscratchCnt=\count286
\MPscratchDim=\dimen152
\MPnumerator=\count287
\makeMPintoPDFobject=\count288
\everyMPtoPDFconversion=\toks33
)
(C:\Users\G731\AppData\Local\Programs\MiKTeX\tex/latex/epstopdf-pkg\epstopdf-ba
se.sty
Package: epstopdf-base 2020-01-24 v2.11 Base part for package epstopdf
Package epstopdf-base Info: Redefining graphics rule for `.eps' on input line 4
85.

(C:\Users\G731\AppData\Local\Programs\MiKTeX\tex/latex/00miktex\epstopdf-sys.cf
g
File: epstopdf-sys.cfg 2021/03/18 v2.0 Configuration of epstopdf for MiKTeX
))
LaTeX Font Info:    Calculating math sizes for size <12.5> on input line 66.


LaTeX Font Warning: Font shape `OT1/cmr/m/n' in size <12.5> not available
(Font)              size <12> substituted on input line 66.


LaTeX Font Warning: Font shape `OML/cmm/m/it' in size <12.5> not available
(Font)              size <12> substituted on input line 66.


LaTeX Font Warning: Font shape `OMS/cmsy/m/n' in size <12.5> not available
(Font)              size <12> substituted on input line 66.


LaTeX Font Warning: Font shape `OMX/cmex/m/n' in size <12.5> not available
(Font)              size <12> substituted on input line 66.

LaTeX Font Info:    Calculating math sizes for size <8.74995> on input line 66.


LaTeX Font Warning: Font shape `OT1/cmr/m/n' in size <4.37497> not available
(Font)              size <5> substituted on input line 66.


LaTeX Font Warning: Font shape `OML/cmm/m/it' in size <4.37497> not available
(Font)              size <5> substituted on input line 66.


LaTeX Font Warning: Font shape `OMS/cmsy/m/n' in size <4.37497> not available
(Font)              size <5> substituted on input line 66.


Package natbib Warning: Citation `mansour2010' on page 1 undefined on input lin
e 71.


Package natbib Warning: Citation `Gilmore1965' on page 1 undefined on input lin
e 71.


Package natbib Warning: Citation `abmroreport' on page 1 undefined on input lin
e 71.


Package natbib Warning: Citation `Hol71' on page 1 undefined on input line 71.


Package natbib Warning: Citation `lenstra1979complexity' on page 1 undefined on
 input line 71.

[1{C:/Users/G731/AppData/Local/MiKTeX/pdftex/config/pdftex.map}] [2]
LaTeX Font Info:    Calculating math sizes for size <11> on input line 107.


LaTeX Font Warning: Font shape `OT1/cmr/m/n' in size <5.5> not available
(Font)              size <5> substituted on input line 107.


LaTeX Font Warning: Font shape `OML/cmm/m/it' in size <5.5> not available
(Font)              size <5> substituted on input line 107.


LaTeX Font Warning: Font shape `OMS/cmsy/m/n' in size <5.5> not available
(Font)              size <5> substituted on input line 107.

[3]
LaTeX Font Info:    Trying to load font information for TS1+ptm on input line 1
43.
 (C:\Users\G731\AppData\Local\Programs\MiKTeX\tex/latex/psnfss\ts1ptm.fd
File: ts1ptm.fd 2001/06/04 font definitions for TS1/ptm.
)
[4]

LaTeX Font Warning: Font shape `OT1/cmr/bx/n' in size <5.5> not available
(Font)              size <5> substituted on input line 188.

[5] [6]

pdfTeX warning: pdflatex (file ./fig_1.pdf): PDF inclusion: found PDF version <
1.7>, but at most version <1.5> allowed
<fig_1.pdf, id=36, 517.4803pt x 101.56645pt>
File: fig_1.pdf Graphic file (type pdf)
<use fig_1.pdf>
Package pdftex.def Info: fig_1.pdf  used on input line 279.
(pdftex.def)             Requested size: 456.0pt x 89.50117pt.
[7 <./fig_1.pdf>] [8]
No file itor-generic-template.bbl.


pdfTeX warning: pdflatex (file ./fig_2.pdf): PDF inclusion: found PDF version <
1.7>, but at most version <1.5> allowed
<fig_2.pdf, id=48, 247.92625pt x 101.56645pt>
File: fig_2.pdf Graphic file (type pdf)
<use fig_2.pdf>
Package pdftex.def Info: fig_2.pdf  used on input line 363.
(pdftex.def)             Requested size: 247.92564pt x 101.5662pt.
[9

 <./fig_2.pdf>] (itor-generic-template.aux)

LaTeX Font Warning: Size substitutions with differences
(Font)              up to 0.62503pt have occurred.

 ) 
Here is how much of TeX's memory you used:
 3061 strings out of 478847
 42734 string characters out of 2848861
 351878 words of memory out of 3000000
 20954 multiletter control sequences out of 15000+600000
 436415 words of font info for 90 fonts, out of 8000000 for 9000
 1141 hyphenation exceptions out of 8191
 72i,18n,80p,1154b,483s stack positions out of 5000i,500n,10000p,200000b,80000s
{C:/Users/G731/AppData/Local/Programs/MiKTeX/fonts/enc/dvips/base/8r.enc}<C:/
Users/G731/AppData/Local/Programs/MiKTeX/fonts/type1/public/amsfonts/cm/cmbx10.
pfb><C:/Users/G731/AppData/Local/Programs/MiKTeX/fonts/type1/public/amsfonts/cm
/cmex10.pfb><C:/Users/G731/AppData/Local/Programs/MiKTeX/fonts/type1/public/ams
fonts/cm/cmmi10.pfb><C:/Users/G731/AppData/Local/Programs/MiKTeX/fonts/type1/pu
blic/amsfonts/cm/cmmi5.pfb><C:/Users/G731/AppData/Local/Programs/MiKTeX/fonts/t
ype1/public/amsfonts/cm/cmmi8.pfb><C:/Users/G731/AppData/Local/Programs/MiKTeX/
fonts/type1/public/amsfonts/cm/cmr10.pfb><C:/Users/G731/AppData/Local/Programs/
MiKTeX/fonts/type1/public/amsfonts/cm/cmr5.pfb><C:/Users/G731/AppData/Local/Pro
grams/MiKTeX/fonts/type1/public/amsfonts/cm/cmr8.pfb><C:/Users/G731/AppData/Loc
al/Programs/MiKTeX/fonts/type1/public/amsfonts/cm/cmsy10.pfb><C:/Users/G731/App
Data/Local/Programs/MiKTeX/fonts/type1/public/amsfonts/cm/cmsy6.pfb><C:/Users/G
731/AppData/Local/Programs/MiKTeX/fonts/type1/public/amsfonts/cm/cmsy8.pfb><C:/
Users/G731/AppData/Local/Programs/MiKTeX/fonts/type1/public/amsfonts/cm/cmsy9.p
fb><C:/Users/G731/AppData/Local/Programs/MiKTeX/fonts/type1/public/amsfonts/cm/
cmtt10.pfb><C:/Users/G731/AppData/Local/Programs/MiKTeX/fonts/type1/urw/times/u
tmb8a.pfb><C:/Users/G731/AppData/Local/Programs/MiKTeX/fonts/type1/urw/times/ut
mr8a.pfb><C:/Users/G731/AppData/Local/Programs/MiKTeX/fonts/type1/urw/times/utm
ri8a.pfb>
Output written on itor-generic-template.pdf (9 pages, 210143 bytes).
PDF statistics:
 126 PDF objects out of 1000 (max. 8388607)
 0 named destinations out of 1000 (max. 500000)
 11 words of extra memory for PDF output out of 10000 (max. 10000000)

